2024-06-22 12:58:01 - Starting C:\Program Files\nodejs\node.exe  --harmony "D:\Projetos Pessoais\galeria-tormenta-react\node_modules\node-windows\lib\wrapper.js" --file "D:\Projetos Pessoais\galeria-tormenta-react\api" --scriptoptions= --log "Tormenta wrapper" --grow 0.25 --wait 1 --maxrestarts 3 --abortonerror n --stopparentfirst undefined
2024-06-22 12:58:01 - Started 22080
2024-06-22 13:30:51 - Stopping tormenta.exe
2024-06-22 13:30:51 - ProcessKill 22080
2024-06-22 13:30:51 - Found child process: 4000 Name: conhost.exe
2024-06-22 13:30:51 - Found child process: 26556 Name: node.exe
2024-06-22 13:30:52 - Stopping process 4000
2024-06-22 13:30:52 - Send SIGINT 4000
2024-06-22 13:30:52 - SIGINT to 4000 failed - Killing as fallback
2024-06-22 13:30:52 - Stopping process 26556
2024-06-22 13:30:52 - Send SIGINT 26556
2024-06-22 13:30:52 - SIGINT to 26556 failed - Killing as fallback
2024-06-22 13:30:52 - Stopping process 22080
2024-06-22 13:30:52 - Send SIGINT 22080
2024-06-22 13:30:52 - SIGINT to 22080 failed - Killing as fallback
2024-06-22 13:30:52 - Finished tormenta.exe
2024-06-22 13:30:55 - Starting C:\Program Files\nodejs\node.exe  --harmony "D:\Projetos Pessoais\galeria-tormenta-react\node_modules\node-windows\lib\wrapper.js" --file "D:\Projetos Pessoais\galeria-tormenta-react\api" --scriptoptions= --log "Tormenta wrapper" --grow 0.25 --wait 1 --maxrestarts 3 --abortonerror n --stopparentfirst undefined
2024-06-22 13:30:55 - Started 1172
2024-06-22 14:18:34 - Stopping tormenta.exe
2024-06-22 14:18:34 - ProcessKill 1172
2024-06-22 14:18:35 - Found child process: 25184 Name: conhost.exe
2024-06-22 14:18:35 - Found child process: 25692 Name: node.exe
2024-06-22 14:18:35 - Stopping process 25184
2024-06-22 14:18:35 - Send SIGINT 25184
2024-06-22 14:18:35 - SIGINT to 25184 failed - Killing as fallback
2024-06-22 14:18:35 - Stopping process 25692
2024-06-22 14:18:35 - Send SIGINT 25692
2024-06-22 14:18:35 - SIGINT to 25692 failed - Killing as fallback
2024-06-22 14:18:35 - Stopping process 1172
2024-06-22 14:18:35 - Send SIGINT 1172
2024-06-22 14:18:35 - SIGINT to 1172 failed - Killing as fallback
2024-06-22 14:18:35 - Finished tormenta.exe
2024-06-22 14:18:36 - Starting C:\Program Files\nodejs\node.exe  --harmony "D:\Projetos Pessoais\galeria-tormenta-react\node_modules\node-windows\lib\wrapper.js" --file "D:\Projetos Pessoais\galeria-tormenta-react\api" --scriptoptions= --log "Tormenta wrapper" --grow 0.25 --wait 1 --maxrestarts 3 --abortonerror n --stopparentfirst undefined
2024-06-22 14:18:36 - Started 24792
2024-06-22 14:27:05 - Starting C:\Program Files\nodejs\node.exe  --harmony "D:\Projetos Pessoais\galeria-tormenta-react\node_modules\node-windows\lib\wrapper.js" --file "D:\Projetos Pessoais\galeria-tormenta-react\api" --scriptoptions= --log "Tormenta wrapper" --grow 0.25 --wait 1 --maxrestarts 3 --abortonerror n --stopparentfirst undefined
2024-06-22 14:27:05 - Started 11560
2024-06-22 14:30:14 - Stopping tormenta.exe
2024-06-22 14:30:14 - ProcessKill 11560
2024-06-22 14:30:15 - Found child process: 24732 Name: conhost.exe
2024-06-22 14:30:15 - Found child process: 8472 Name: node.exe
2024-06-22 14:30:15 - Stopping process 24732
2024-06-22 14:30:15 - Send SIGINT 24732
2024-06-22 14:30:15 - SIGINT to 24732 failed - Killing as fallback
2024-06-22 14:30:15 - Stopping process 8472
2024-06-22 14:30:15 - Send SIGINT 8472
2024-06-22 14:30:15 - SIGINT to 8472 failed - Killing as fallback
2024-06-22 14:30:15 - Stopping process 11560
2024-06-22 14:30:15 - Send SIGINT 11560
2024-06-22 14:30:15 - SIGINT to 11560 failed - Killing as fallback
2024-06-22 14:30:15 - Finished tormenta.exe
2024-06-22 14:30:16 - Starting C:\Program Files\nodejs\node.exe  --harmony "D:\Projetos Pessoais\galeria-tormenta-react\node_modules\node-windows\lib\wrapper.js" --file "D:\Projetos Pessoais\galeria-tormenta-react\api" --scriptoptions= --log "Tormenta wrapper" --grow 0.25 --wait 1 --maxrestarts 3 --abortonerror n --stopparentfirst undefined
2024-06-22 14:30:16 - Started 1600
2024-06-22 14:32:22 - Stopping tormenta.exe
2024-06-22 14:32:22 - ProcessKill 1600
2024-06-22 14:32:23 - Found child process: 10624 Name: conhost.exe
2024-06-22 14:32:23 - Found child process: 16920 Name: node.exe
2024-06-22 14:32:23 - Stopping process 10624
2024-06-22 14:32:23 - Send SIGINT 10624
2024-06-22 14:32:23 - SIGINT to 10624 failed - Killing as fallback
2024-06-22 14:32:23 - Stopping process 16920
2024-06-22 14:32:23 - Send SIGINT 16920
2024-06-22 14:32:23 - SIGINT to 16920 failed - Killing as fallback
2024-06-22 14:32:23 - Stopping process 1600
2024-06-22 14:32:23 - Send SIGINT 1600
2024-06-22 14:32:23 - SIGINT to 1600 failed - Killing as fallback
2024-06-22 14:32:23 - Finished tormenta.exe
2024-06-22 14:32:24 - Starting C:\Program Files\nodejs\node.exe  --harmony "D:\Projetos Pessoais\galeria-tormenta-react\node_modules\node-windows\lib\wrapper.js" --file "D:\Projetos Pessoais\galeria-tormenta-react\api" --scriptoptions= --log "Tormenta wrapper" --grow 0.25 --wait 1 --maxrestarts 3 --abortonerror n --stopparentfirst undefined
2024-06-22 14:32:24 - Started 19588
2024-06-22 14:39:20 - Stopping tormenta.exe
2024-06-22 14:39:20 - ProcessKill 19588
2024-06-22 14:39:20 - Found child process: 4216 Name: conhost.exe
2024-06-22 14:39:20 - Found child process: 8200 Name: node.exe
2024-06-22 14:39:20 - Stopping process 4216
2024-06-22 14:39:20 - Send SIGINT 4216
2024-06-22 14:39:20 - SIGINT to 4216 failed - Killing as fallback
2024-06-22 14:39:20 - Stopping process 8200
2024-06-22 14:39:20 - Send SIGINT 8200
2024-06-22 14:39:20 - SIGINT to 8200 failed - Killing as fallback
2024-06-22 14:39:20 - Stopping process 19588
2024-06-22 14:39:20 - Send SIGINT 19588
2024-06-22 14:39:20 - SIGINT to 19588 failed - Killing as fallback
2024-06-22 14:39:20 - Finished tormenta.exe
2024-06-22 14:39:21 - Starting C:\Program Files\nodejs\node.exe  --harmony "D:\Projetos Pessoais\galeria-tormenta-react\node_modules\node-windows\lib\wrapper.js" --file "D:\Projetos Pessoais\galeria-tormenta-react\api" --scriptoptions= --log "Tormenta wrapper" --grow 0.25 --wait 1 --maxrestarts 3 --abortonerror n --stopparentfirst undefined
2024-06-22 14:39:21 - Started 10312
2024-06-22 14:39:53 - Stopping tormenta.exe
2024-06-22 14:39:53 - ProcessKill 10312
2024-06-22 14:39:53 - Found child process: 4972 Name: conhost.exe
2024-06-22 14:39:53 - Found child process: 13684 Name: node.exe
2024-06-22 14:39:53 - Stopping process 4972
2024-06-22 14:39:53 - Send SIGINT 4972
2024-06-22 14:39:53 - SIGINT to 4972 failed - Killing as fallback
2024-06-22 14:39:54 - Stopping process 13684
2024-06-22 14:39:54 - Send SIGINT 13684
2024-06-22 14:39:54 - SIGINT to 13684 failed - Killing as fallback
2024-06-22 14:39:54 - Stopping process 10312
2024-06-22 14:39:54 - Send SIGINT 10312
2024-06-22 14:39:54 - SIGINT to 10312 failed - Killing as fallback
2024-06-22 14:39:54 - Finished tormenta.exe
2024-06-22 14:39:54 - Starting C:\Program Files\nodejs\node.exe  --harmony "D:\Projetos Pessoais\galeria-tormenta-react\node_modules\node-windows\lib\wrapper.js" --file "D:\Projetos Pessoais\galeria-tormenta-react\api" --scriptoptions= --log "Tormenta wrapper" --grow 0.25 --wait 1 --maxrestarts 3 --abortonerror n --stopparentfirst undefined
2024-06-22 14:39:54 - Started 23660
2024-06-22 14:41:33 - Stopping tormenta.exe
2024-06-22 14:41:33 - ProcessKill 23660
2024-06-22 14:41:33 - Found child process: 21916 Name: conhost.exe
2024-06-22 14:41:33 - Found child process: 9064 Name: node.exe
2024-06-22 14:41:33 - Stopping process 21916
2024-06-22 14:41:33 - Send SIGINT 21916
2024-06-22 14:41:33 - SIGINT to 21916 failed - Killing as fallback
2024-06-22 14:41:33 - Stopping process 9064
2024-06-22 14:41:33 - Send SIGINT 9064
2024-06-22 14:41:33 - SIGINT to 9064 failed - Killing as fallback
2024-06-22 14:41:33 - Stopping process 23660
2024-06-22 14:41:33 - Send SIGINT 23660
2024-06-22 14:41:33 - SIGINT to 23660 failed - Killing as fallback
2024-06-22 14:41:33 - Finished tormenta.exe
2024-06-22 14:45:30 - Starting C:\Program Files\nodejs\node.exe  --harmony "D:\Projetos Pessoais\galeria-tormenta-react\node_modules\node-windows\lib\wrapper.js" --file "D:\Projetos Pessoais\galeria-tormenta-react\api" --scriptoptions= --log "Tormenta wrapper" --grow 0.25 --wait 1 --maxrestarts 3 --abortonerror n --stopparentfirst undefined
2024-06-22 14:45:30 - Started 3932
2024-06-23 11:28:49 - Stopping tormenta.exe
2024-06-23 11:28:49 - ProcessKill 3932
2024-06-23 11:28:50 - Found child process: 12364 Name: conhost.exe
2024-06-23 11:28:50 - Found child process: 26232 Name: node.exe
2024-06-23 11:28:50 - Stopping process 12364
2024-06-23 11:28:50 - Send SIGINT 12364
2024-06-23 11:28:50 - SIGINT to 12364 failed - Killing as fallback
2024-06-23 11:28:50 - Stopping process 26232
2024-06-23 11:28:50 - Send SIGINT 26232
2024-06-23 11:28:50 - SIGINT to 26232 failed - Killing as fallback
2024-06-23 11:28:50 - Stopping process 3932
2024-06-23 11:28:50 - Send SIGINT 3932
2024-06-23 11:28:50 - SIGINT to 3932 failed - Killing as fallback
2024-06-23 11:28:50 - Finished tormenta.exe
2024-06-23 11:28:51 - Starting C:\Program Files\nodejs\node.exe  --harmony "D:\Projetos Pessoais\galeria-tormenta-react\node_modules\node-windows\lib\wrapper.js" --file "D:\Projetos Pessoais\galeria-tormenta-react\api" --scriptoptions= --log "Tormenta wrapper" --grow 0.25 --wait 1 --maxrestarts 3 --abortonerror n --stopparentfirst undefined
2024-06-23 11:28:51 - Started 24320
2024-06-23 11:35:14 - Stopping tormenta.exe
2024-06-23 11:35:14 - ProcessKill 24320
2024-06-23 11:35:14 - Found child process: 8808 Name: conhost.exe
2024-06-23 11:35:14 - Found child process: 14736 Name: node.exe
2024-06-23 11:35:14 - Stopping process 8808
2024-06-23 11:35:14 - Send SIGINT 8808
2024-06-23 11:35:14 - SIGINT to 8808 failed - Killing as fallback
2024-06-23 11:35:14 - Stopping process 14736
2024-06-23 11:35:14 - Send SIGINT 14736
2024-06-23 11:35:14 - SIGINT to 14736 failed - Killing as fallback
2024-06-23 11:35:14 - Stopping process 24320
2024-06-23 11:35:14 - Send SIGINT 24320
2024-06-23 11:35:14 - SIGINT to 24320 failed - Killing as fallback
2024-06-23 11:35:14 - Finished tormenta.exe
2024-06-23 11:35:15 - Starting C:\Program Files\nodejs\node.exe  --harmony "D:\Projetos Pessoais\galeria-tormenta-react\node_modules\node-windows\lib\wrapper.js" --file "D:\Projetos Pessoais\galeria-tormenta-react\api" --scriptoptions= --log "Tormenta wrapper" --grow 0.25 --wait 1 --maxrestarts 3 --abortonerror n --stopparentfirst undefined
2024-06-23 11:35:15 - Started 24488
2024-06-23 11:42:04 - Stopping tormenta.exe
2024-06-23 11:42:04 - ProcessKill 24488
2024-06-23 11:42:04 - Found child process: 10160 Name: conhost.exe
2024-06-23 11:42:04 - Found child process: 2568 Name: node.exe
2024-06-23 11:42:05 - Stopping process 10160
2024-06-23 11:42:05 - Send SIGINT 10160
2024-06-23 11:42:05 - SIGINT to 10160 failed - Killing as fallback
2024-06-23 11:42:05 - Stopping process 2568
2024-06-23 11:42:05 - Send SIGINT 2568
2024-06-23 11:42:05 - SIGINT to 2568 failed - Killing as fallback
2024-06-23 11:42:05 - Stopping process 24488
2024-06-23 11:42:05 - Send SIGINT 24488
2024-06-23 11:42:05 - SIGINT to 24488 failed - Killing as fallback
2024-06-23 11:42:05 - Finished tormenta.exe
2024-06-23 11:42:06 - Starting C:\Program Files\nodejs\node.exe  --harmony "D:\Projetos Pessoais\galeria-tormenta-react\node_modules\node-windows\lib\wrapper.js" --file "D:\Projetos Pessoais\galeria-tormenta-react\api" --scriptoptions= --log "Tormenta wrapper" --grow 0.25 --wait 1 --maxrestarts 3 --abortonerror n --stopparentfirst undefined
2024-06-23 11:42:06 - Started 17880
2024-06-23 11:43:12 - Stopping tormenta.exe
2024-06-23 11:43:12 - ProcessKill 17880
2024-06-23 11:43:13 - Found child process: 25340 Name: conhost.exe
2024-06-23 11:43:13 - Found child process: 13340 Name: node.exe
2024-06-23 11:43:13 - Stopping process 25340
2024-06-23 11:43:13 - Send SIGINT 25340
2024-06-23 11:43:13 - SIGINT to 25340 failed - Killing as fallback
2024-06-23 11:43:13 - Stopping process 13340
2024-06-23 11:43:13 - Send SIGINT 13340
2024-06-23 11:43:13 - SIGINT to 13340 failed - Killing as fallback
2024-06-23 11:43:13 - Stopping process 17880
2024-06-23 11:43:13 - Send SIGINT 17880
2024-06-23 11:43:13 - SIGINT to 17880 failed - Killing as fallback
2024-06-23 11:43:13 - Finished tormenta.exe
2024-06-23 11:43:14 - Starting C:\Program Files\nodejs\node.exe  --harmony "D:\Projetos Pessoais\galeria-tormenta-react\node_modules\node-windows\lib\wrapper.js" --file "D:\Projetos Pessoais\galeria-tormenta-react\api" --scriptoptions= --log "Tormenta wrapper" --grow 0.25 --wait 1 --maxrestarts 3 --abortonerror n --stopparentfirst undefined
2024-06-23 11:43:14 - Started 11088
2024-06-23 11:44:14 - Stopping tormenta.exe
2024-06-23 11:44:14 - ProcessKill 11088
2024-06-23 11:44:15 - Found child process: 7372 Name: conhost.exe
2024-06-23 11:44:15 - Found child process: 25204 Name: node.exe
2024-06-23 11:44:15 - Stopping process 7372
2024-06-23 11:44:15 - Send SIGINT 7372
2024-06-23 11:44:15 - SIGINT to 7372 failed - Killing as fallback
2024-06-23 11:44:15 - Stopping process 25204
2024-06-23 11:44:15 - Send SIGINT 25204
2024-06-23 11:44:15 - SIGINT to 25204 failed - Killing as fallback
2024-06-23 11:44:15 - Stopping process 11088
2024-06-23 11:44:15 - Send SIGINT 11088
2024-06-23 11:44:15 - SIGINT to 11088 failed - Killing as fallback
2024-06-23 11:44:15 - Finished tormenta.exe
2024-06-23 11:59:30 - Starting C:\Program Files\nodejs\node.exe  --harmony "D:\Projetos Pessoais\galeria-tormenta-react\node_modules\node-windows\lib\wrapper.js" --file "D:\Projetos Pessoais\galeria-tormenta-react\api" --scriptoptions= --log "Tormenta wrapper" --grow 0.25 --wait 1 --maxrestarts 3 --abortonerror n --stopparentfirst undefined
2024-06-23 11:59:30 - Started 17576
2024-06-23 12:00:13 - Starting C:\Program Files\nodejs\node.exe  --harmony "D:\Projetos Pessoais\galeria-tormenta-react\node_modules\node-windows\lib\wrapper.js" --file "D:\Projetos Pessoais\galeria-tormenta-react\api" --scriptoptions= --log "Tormenta wrapper" --grow 0.25 --wait 1 --maxrestarts 3 --abortonerror n --stopparentfirst undefined
2024-06-23 12:00:13 - Started 13512
2024-06-23 20:26:43 - Stopping tormenta.exe
2024-06-23 20:26:43 - ProcessKill 13512
2024-06-23 20:26:43 - Found child process: 26524 Name: conhost.exe
2024-06-23 20:26:43 - Found child process: 24704 Name: node.exe
2024-06-23 20:26:43 - Stopping process 26524
2024-06-23 20:26:43 - Send SIGINT 26524
2024-06-23 20:26:43 - SIGINT to 26524 failed - Killing as fallback
2024-06-23 20:26:44 - Stopping process 24704
2024-06-23 20:26:44 - Send SIGINT 24704
2024-06-23 20:26:44 - SIGINT to 24704 failed - Killing as fallback
2024-06-23 20:26:44 - Stopping process 13512
2024-06-23 20:26:44 - Send SIGINT 13512
2024-06-23 20:26:44 - SIGINT to 13512 failed - Killing as fallback
2024-06-23 20:26:44 - Finished tormenta.exe
2024-06-23 20:26:44 - Starting C:\Program Files\nodejs\node.exe  --harmony "D:\Projetos Pessoais\galeria-tormenta-react\node_modules\node-windows\lib\wrapper.js" --file "D:\Projetos Pessoais\galeria-tormenta-react\api" --scriptoptions= --log "Tormenta wrapper" --grow 0.25 --wait 1 --maxrestarts 3 --abortonerror n --stopparentfirst undefined
2024-06-23 20:26:44 - Started 8648
2024-06-23 20:30:57 - Stopping tormenta.exe
2024-06-23 20:30:57 - ProcessKill 8648
2024-06-23 20:30:57 - Found child process: 20568 Name: conhost.exe
2024-06-23 20:30:57 - Found child process: 16820 Name: node.exe
2024-06-23 20:30:57 - Stopping process 20568
2024-06-23 20:30:57 - Send SIGINT 20568
2024-06-23 20:30:57 - SIGINT to 20568 failed - Killing as fallback
2024-06-23 20:30:57 - Stopping process 16820
2024-06-23 20:30:58 - Send SIGINT 16820
2024-06-23 20:30:58 - SIGINT to 16820 failed - Killing as fallback
2024-06-23 20:30:58 - Stopping process 8648
2024-06-23 20:30:58 - Send SIGINT 8648
2024-06-23 20:30:58 - SIGINT to 8648 failed - Killing as fallback
2024-06-23 20:30:58 - Finished tormenta.exe
2024-06-23 20:30:58 - Starting C:\Program Files\nodejs\node.exe  --harmony "D:\Projetos Pessoais\galeria-tormenta-react\node_modules\node-windows\lib\wrapper.js" --file "D:\Projetos Pessoais\galeria-tormenta-react\api" --scriptoptions= --log "Tormenta wrapper" --grow 0.25 --wait 1 --maxrestarts 3 --abortonerror n --stopparentfirst undefined
2024-06-23 20:30:58 - Started 1240
2024-06-23 20:32:12 - Stopping tormenta.exe
2024-06-23 20:32:12 - ProcessKill 1240
2024-06-23 20:32:12 - Found child process: 9464 Name: conhost.exe
2024-06-23 20:32:12 - Found child process: 23844 Name: node.exe
2024-06-23 20:32:13 - Stopping process 9464
2024-06-23 20:32:13 - Send SIGINT 9464
2024-06-23 20:32:13 - SIGINT to 9464 failed - Killing as fallback
2024-06-23 20:32:13 - Stopping process 23844
2024-06-23 20:32:13 - Send SIGINT 23844
2024-06-23 20:32:13 - SIGINT to 23844 failed - Killing as fallback
2024-06-23 20:32:13 - Stopping process 1240
2024-06-23 20:32:13 - Send SIGINT 1240
2024-06-23 20:32:13 - SIGINT to 1240 failed - Killing as fallback
2024-06-23 20:32:13 - Finished tormenta.exe
2024-06-23 20:33:27 - Starting C:\Program Files\nodejs\node.exe  --harmony "D:\Projetos Pessoais\galeria-tormenta-react\node_modules\node-windows\lib\wrapper.js" --file "D:\Projetos Pessoais\galeria-tormenta-react\api" --scriptoptions= --log "Tormenta wrapper" --grow 0.25 --wait 1 --maxrestarts 3 --abortonerror n --stopparentfirst undefined
2024-06-23 20:33:27 - Started 732
2024-06-24 15:21:57 - Starting C:\Program Files\nodejs\node.exe  --harmony "D:\Projetos Pessoais\galeria-tormenta-react\node_modules\node-windows\lib\wrapper.js" --file "D:\Projetos Pessoais\galeria-tormenta-react\api" --scriptoptions= --log "Tormenta wrapper" --grow 0.25 --wait 1 --maxrestarts 3 --abortonerror n --stopparentfirst undefined
2024-06-24 15:21:57 - Started 9480
2024-06-25 09:07:17 - Stopping tormenta.exe
2024-06-25 09:07:17 - ProcessKill 9480
2024-06-25 09:07:17 - Found child process: 9512 Name: conhost.exe
2024-06-25 09:07:17 - Found child process: 2528 Name: node.exe
2024-06-25 09:07:17 - Stopping process 9512
2024-06-25 09:07:17 - Send SIGINT 9512
2024-06-25 09:07:17 - SIGINT to 9512 failed - Killing as fallback
2024-06-25 09:07:17 - Stopping process 2528
2024-06-25 09:07:17 - Send SIGINT 2528
2024-06-25 09:07:17 - SIGINT to 2528 failed - Killing as fallback
2024-06-25 09:07:17 - Stopping process 9480
2024-06-25 09:07:17 - Send SIGINT 9480
2024-06-25 09:07:17 - SIGINT to 9480 failed - Killing as fallback
2024-06-25 09:07:17 - Finished tormenta.exe
2024-06-25 09:07:18 - Starting C:\Program Files\nodejs\node.exe  --harmony "D:\Projetos Pessoais\galeria-tormenta-react\node_modules\node-windows\lib\wrapper.js" --file "D:\Projetos Pessoais\galeria-tormenta-react\api" --scriptoptions= --log "Tormenta wrapper" --grow 0.25 --wait 1 --maxrestarts 3 --abortonerror n --stopparentfirst undefined
2024-06-25 09:07:18 - Started 20400
2024-06-25 09:31:19 - Stopping tormenta.exe
2024-06-25 09:31:19 - ProcessKill 20400
2024-06-25 09:31:20 - Found child process: 27124 Name: conhost.exe
2024-06-25 09:31:20 - Found child process: 17472 Name: node.exe
2024-06-25 09:31:20 - Stopping process 27124
2024-06-25 09:31:20 - Send SIGINT 27124
2024-06-25 09:31:20 - SIGINT to 27124 failed - Killing as fallback
2024-06-25 09:31:20 - Stopping process 17472
2024-06-25 09:31:20 - Send SIGINT 17472
2024-06-25 09:31:20 - SIGINT to 17472 failed - Killing as fallback
2024-06-25 09:31:20 - Stopping process 20400
2024-06-25 09:31:20 - Send SIGINT 20400
2024-06-25 09:31:20 - SIGINT to 20400 failed - Killing as fallback
2024-06-25 09:31:20 - Finished tormenta.exe
2024-06-25 09:35:07 - Starting C:\Program Files\nodejs\node.exe  --harmony "D:\Projetos Pessoais\galeria-tormenta-react\node_modules\node-windows\lib\wrapper.js" --file "D:\Projetos Pessoais\galeria-tormenta-react\api" --scriptoptions= --log "Tormenta wrapper" --grow 0.25 --wait 1 --maxrestarts 3 --abortonerror n --stopparentfirst undefined
2024-06-25 09:35:07 - Started 18616
2024-06-25 09:35:34 - Stopping tormenta.exe
2024-06-25 09:35:34 - ProcessKill 18616
2024-06-25 09:35:34 - Found child process: 27528 Name: conhost.exe
2024-06-25 09:35:34 - Found child process: 12204 Name: node.exe
2024-06-25 09:35:34 - Stopping process 27528
2024-06-25 09:35:34 - Send SIGINT 27528
2024-06-25 09:35:34 - SIGINT to 27528 failed - Killing as fallback
2024-06-25 09:35:34 - Stopping process 12204
2024-06-25 09:35:34 - Send SIGINT 12204
2024-06-25 09:35:34 - SIGINT to 12204 failed - Killing as fallback
2024-06-25 09:35:34 - Stopping process 18616
2024-06-25 09:35:34 - Send SIGINT 18616
2024-06-25 09:35:34 - SIGINT to 18616 failed - Killing as fallback
2024-06-25 09:35:34 - Finished tormenta.exe
2024-06-25 09:35:57 - Starting C:\Program Files\nodejs\node.exe  --harmony "D:\Projetos Pessoais\galeria-tormenta-react\node_modules\node-windows\lib\wrapper.js" --file "D:\Projetos Pessoais\galeria-tormenta-react\api" --scriptoptions= --log "Tormenta wrapper" --grow 0.25 --wait 1 --maxrestarts 3 --abortonerror n --stopparentfirst undefined
2024-06-25 09:35:57 - Started 26484
2024-06-25 09:36:25 - Stopping tormenta.exe
2024-06-25 09:36:25 - ProcessKill 26484
2024-06-25 09:36:25 - Found child process: 20732 Name: conhost.exe
2024-06-25 09:36:25 - Found child process: 2728 Name: node.exe
2024-06-25 09:36:25 - Stopping process 20732
2024-06-25 09:36:25 - Send SIGINT 20732
2024-06-25 09:36:25 - SIGINT to 20732 failed - Killing as fallback
2024-06-25 09:36:25 - Stopping process 2728
2024-06-25 09:36:25 - Send SIGINT 2728
2024-06-25 09:36:25 - SIGINT to 2728 failed - Killing as fallback
2024-06-25 09:36:25 - Stopping process 26484
2024-06-25 09:36:25 - Send SIGINT 26484
2024-06-25 09:36:25 - SIGINT to 26484 failed - Killing as fallback
2024-06-25 09:36:25 - Finished tormenta.exe
2024-06-25 09:36:26 - Starting C:\Program Files\nodejs\node.exe  --harmony "D:\Projetos Pessoais\galeria-tormenta-react\node_modules\node-windows\lib\wrapper.js" --file "D:\Projetos Pessoais\galeria-tormenta-react\api" --scriptoptions= --log "Tormenta wrapper" --grow 0.25 --wait 1 --maxrestarts 3 --abortonerror n --stopparentfirst undefined
2024-06-25 09:36:26 - Started 13804
2024-06-25 09:59:14 - Stopping tormenta.exe
2024-06-25 09:59:14 - ProcessKill 13804
2024-06-25 09:59:15 - Found child process: 3340 Name: conhost.exe
2024-06-25 09:59:15 - Found child process: 4320 Name: node.exe
2024-06-25 09:59:15 - Stopping process 3340
2024-06-25 09:59:15 - Send SIGINT 3340
2024-06-25 09:59:15 - SIGINT to 3340 failed - Killing as fallback
2024-06-25 09:59:15 - Stopping process 4320
2024-06-25 09:59:15 - Send SIGINT 4320
2024-06-25 09:59:15 - SIGINT to 4320 failed - Killing as fallback
2024-06-25 09:59:15 - Stopping process 13804
2024-06-25 09:59:15 - Send SIGINT 13804
2024-06-25 09:59:15 - SIGINT to 13804 failed - Killing as fallback
2024-06-25 09:59:15 - Finished tormenta.exe
2024-06-25 09:59:16 - Starting C:\Program Files\nodejs\node.exe  --harmony "D:\Projetos Pessoais\galeria-tormenta-react\node_modules\node-windows\lib\wrapper.js" --file "D:\Projetos Pessoais\galeria-tormenta-react\api" --scriptoptions= --log "Tormenta wrapper" --grow 0.25 --wait 1 --maxrestarts 3 --abortonerror n --stopparentfirst undefined
2024-06-25 09:59:16 - Started 26648
2024-06-25 10:00:10 - Stopping tormenta.exe
2024-06-25 10:00:10 - ProcessKill 26648
2024-06-25 10:00:10 - Found child process: 1760 Name: conhost.exe
2024-06-25 10:00:10 - Found child process: 26220 Name: node.exe
2024-06-25 10:00:11 - Stopping process 1760
2024-06-25 10:00:11 - Send SIGINT 1760
2024-06-25 10:00:11 - SIGINT to 1760 failed - Killing as fallback
2024-06-25 10:00:11 - Stopping process 26220
2024-06-25 10:00:11 - Send SIGINT 26220
2024-06-25 10:00:11 - SIGINT to 26220 failed - Killing as fallback
2024-06-25 10:00:11 - Stopping process 26648
2024-06-25 10:00:11 - Send SIGINT 26648
2024-06-25 10:00:11 - SIGINT to 26648 failed - Killing as fallback
2024-06-25 10:00:11 - Finished tormenta.exe
2024-06-25 10:00:11 - Starting C:\Program Files\nodejs\node.exe  --harmony "D:\Projetos Pessoais\galeria-tormenta-react\node_modules\node-windows\lib\wrapper.js" --file "D:\Projetos Pessoais\galeria-tormenta-react\api" --scriptoptions= --log "Tormenta wrapper" --grow 0.25 --wait 1 --maxrestarts 3 --abortonerror n --stopparentfirst undefined
2024-06-25 10:00:11 - Started 24748
2024-06-25 10:07:41 - Stopping tormenta.exe
2024-06-25 10:07:41 - ProcessKill 24748
2024-06-25 10:07:42 - Found child process: 11964 Name: conhost.exe
2024-06-25 10:07:42 - Found child process: 27288 Name: node.exe
2024-06-25 10:07:42 - Stopping process 11964
2024-06-25 10:07:42 - Send SIGINT 11964
2024-06-25 10:07:42 - SIGINT to 11964 failed - Killing as fallback
2024-06-25 10:07:42 - Stopping process 27288
2024-06-25 10:07:42 - Send SIGINT 27288
2024-06-25 10:07:42 - SIGINT to 27288 failed - Killing as fallback
2024-06-25 10:07:42 - Stopping process 24748
2024-06-25 10:07:42 - Send SIGINT 24748
2024-06-25 10:07:42 - SIGINT to 24748 failed - Killing as fallback
2024-06-25 10:07:42 - Finished tormenta.exe
2024-06-25 10:07:43 - Starting C:\Program Files\nodejs\node.exe  --harmony "D:\Projetos Pessoais\galeria-tormenta-react\node_modules\node-windows\lib\wrapper.js" --file "D:\Projetos Pessoais\galeria-tormenta-react\api" --scriptoptions= --log "Tormenta wrapper" --grow 0.25 --wait 1 --maxrestarts 3 --abortonerror n --stopparentfirst undefined
2024-06-25 10:07:43 - Started 20596
2024-06-25 10:09:30 - Stopping tormenta.exe
2024-06-25 10:09:30 - ProcessKill 20596
2024-06-25 10:09:30 - Found child process: 18808 Name: conhost.exe
2024-06-25 10:09:30 - Found child process: 20316 Name: node.exe
2024-06-25 10:09:31 - Stopping process 18808
2024-06-25 10:09:31 - Send SIGINT 18808
2024-06-25 10:09:31 - SIGINT to 18808 failed - Killing as fallback
2024-06-25 10:09:31 - Stopping process 20316
2024-06-25 10:09:31 - Send SIGINT 20316
2024-06-25 10:09:31 - SIGINT to 20316 failed - Killing as fallback
2024-06-25 10:09:31 - Stopping process 20596
2024-06-25 10:09:31 - Send SIGINT 20596
2024-06-25 10:09:31 - SIGINT to 20596 failed - Killing as fallback
2024-06-25 10:09:31 - Finished tormenta.exe
2024-06-25 10:09:46 - Starting C:\Program Files\nodejs\node.exe  --harmony "D:\Projetos Pessoais\galeria-tormenta-react\node_modules\node-windows\lib\wrapper.js" --file "D:\Projetos Pessoais\galeria-tormenta-react\api" --scriptoptions= --log "Tormenta wrapper" --grow 0.25 --wait 1 --maxrestarts 3 --abortonerror n --stopparentfirst undefined
2024-06-25 10:09:46 - Started 23756
2024-06-25 13:02:16 - Stopping tormenta.exe
2024-06-25 13:02:16 - ProcessKill 23756
2024-06-25 13:02:16 - Found child process: 13540 Name: conhost.exe
2024-06-25 13:02:16 - Found child process: 132 Name: node.exe
2024-06-25 13:02:16 - Stopping process 13540
2024-06-25 13:02:16 - Send SIGINT 13540
2024-06-25 13:02:16 - SIGINT to 13540 failed - Killing as fallback
2024-06-25 13:02:17 - Stopping process 132
2024-06-25 13:02:17 - Send SIGINT 132
2024-06-25 13:02:17 - SIGINT to 132 failed - Killing as fallback
2024-06-25 13:02:17 - Stopping process 23756
2024-06-25 13:02:17 - Send SIGINT 23756
2024-06-25 13:02:17 - SIGINT to 23756 failed - Killing as fallback
2024-06-25 13:02:17 - Finished tormenta.exe
2024-06-25 13:03:41 - Starting C:\Program Files\nodejs\node.exe  --harmony "D:\Projetos Pessoais\galeria-tormenta-react\node_modules\node-windows\lib\wrapper.js" --file "D:\Projetos Pessoais\galeria-tormenta-react\api" --scriptoptions= --log "Tormenta wrapper" --grow 0.25 --wait 1 --maxrestarts 3 --abortonerror n --stopparentfirst undefined
2024-06-25 13:03:41 - Started 21400
2024-06-25 13:03:57 - Stopping tormenta.exe
2024-06-25 13:03:57 - ProcessKill 21400
2024-06-25 13:03:57 - Found child process: 8372 Name: conhost.exe
2024-06-25 13:03:57 - Found child process: 11112 Name: node.exe
2024-06-25 13:03:57 - Stopping process 8372
2024-06-25 13:03:57 - Send SIGINT 8372
2024-06-25 13:03:57 - SIGINT to 8372 failed - Killing as fallback
2024-06-25 13:03:57 - Stopping process 11112
2024-06-25 13:03:57 - Send SIGINT 11112
2024-06-25 13:03:57 - SIGINT to 11112 failed - Killing as fallback
2024-06-25 13:03:57 - Stopping process 21400
2024-06-25 13:03:57 - Send SIGINT 21400
2024-06-25 13:03:57 - SIGINT to 21400 failed - Killing as fallback
2024-06-25 13:03:57 - Finished tormenta.exe
2024-06-25 13:04:14 - Starting C:\Program Files\nodejs\node.exe  --harmony "D:\Projetos Pessoais\galeria-tormenta-react\node_modules\node-windows\lib\wrapper.js" --file "D:\Projetos Pessoais\galeria-tormenta-react\api" --scriptoptions= --log "Tormenta wrapper" --grow 0.25 --wait 1 --maxrestarts 3 --abortonerror n --stopparentfirst undefined
2024-06-25 13:04:14 - Started 18840
2024-06-25 13:07:58 - Stopping tormenta.exe
2024-06-25 13:07:58 - ProcessKill 18840
2024-06-25 13:07:59 - Found child process: 19592 Name: conhost.exe
2024-06-25 13:07:59 - Found child process: 11968 Name: node.exe
2024-06-25 13:07:59 - Stopping process 19592
2024-06-25 13:07:59 - Send SIGINT 19592
2024-06-25 13:07:59 - SIGINT to 19592 failed - Killing as fallback
2024-06-25 13:07:59 - Stopping process 11968
2024-06-25 13:07:59 - Send SIGINT 11968
2024-06-25 13:07:59 - SIGINT to 11968 failed - Killing as fallback
2024-06-25 13:07:59 - Stopping process 18840
2024-06-25 13:07:59 - Send SIGINT 18840
2024-06-25 13:07:59 - SIGINT to 18840 failed - Killing as fallback
2024-06-25 13:07:59 - Finished tormenta.exe
2024-06-25 13:08:27 - Starting C:\Program Files\nodejs\node.exe  --harmony "D:\Projetos Pessoais\galeria-tormenta-react\node_modules\node-windows\lib\wrapper.js" --file "D:\Projetos Pessoais\galeria-tormenta-react\api" --scriptoptions= --log "Tormenta wrapper" --grow 0.25 --wait 1 --maxrestarts 3 --abortonerror n --stopparentfirst undefined
2024-06-25 13:08:27 - Started 22012
2024-06-26 08:20:49 - Stopping tormenta.exe
2024-06-26 08:20:49 - ProcessKill 21324
2024-06-26 08:20:50 - Found child process: 4316 Name: conhost.exe
2024-06-26 08:20:50 - Found child process: 1652 Name: node.exe
2024-06-26 08:20:50 - Stopping process 4316
2024-06-26 08:20:50 - Send SIGINT 4316
2024-06-26 08:20:50 - SIGINT to 4316 failed - Killing as fallback
2024-06-26 08:20:50 - Stopping process 1652
2024-06-26 08:20:50 - Send SIGINT 1652
2024-06-26 08:20:50 - SIGINT to 1652 failed - Killing as fallback
2024-06-26 08:20:50 - Stopping process 21324
2024-06-26 08:20:50 - Send SIGINT 21324
2024-06-26 08:20:50 - SIGINT to 21324 failed - Killing as fallback
2024-06-26 08:20:50 - Finished tormenta.exe
2024-06-26 08:20:51 - Starting C:\Program Files\nodejs\node.exe  --harmony "D:\Projetos Pessoais\galeria-tormenta-react\node_modules\node-windows\lib\wrapper.js" --file "D:\Projetos Pessoais\galeria-tormenta-react\api" --scriptoptions= --log "Tormenta wrapper" --grow 0.25 --wait 1 --maxrestarts 3 --abortonerror n --stopparentfirst undefined
2024-06-26 08:20:51 - Started 25880
2024-06-26 08:21:34 - Starting C:\Program Files\nodejs\node.exe  --harmony "D:\Projetos Pessoais\galeria-tormenta-react\node_modules\node-windows\lib\wrapper.js" --file "D:\Projetos Pessoais\galeria-tormenta-react\api" --scriptoptions= --log "Tormenta wrapper" --grow 0.25 --wait 1 --maxrestarts 3 --abortonerror n --stopparentfirst undefined
2024-06-26 08:21:34 - Started 23576
2024-06-26 08:21:58 - Starting C:\Program Files\nodejs\node.exe  --harmony "D:\Projetos Pessoais\galeria-tormenta-react\node_modules\node-windows\lib\wrapper.js" --file "D:\Projetos Pessoais\galeria-tormenta-react\api" --scriptoptions= --log "Tormenta wrapper" --grow 0.25 --wait 1 --maxrestarts 3 --abortonerror n --stopparentfirst undefined
2024-06-26 08:21:58 - Started 12192
2024-06-26 08:22:40 - Starting C:\Program Files\nodejs\node.exe  --harmony "D:\Projetos Pessoais\galeria-tormenta-react\node_modules\node-windows\lib\wrapper.js" --file "D:\Projetos Pessoais\galeria-tormenta-react\api" --scriptoptions= --log "Tormenta wrapper" --grow 0.25 --wait 1 --maxrestarts 3 --abortonerror n --stopparentfirst undefined
2024-06-26 08:22:40 - Started 20532
2024-06-26 08:23:04 - Starting C:\Program Files\nodejs\node.exe  --harmony "D:\Projetos Pessoais\galeria-tormenta-react\node_modules\node-windows\lib\wrapper.js" --file "D:\Projetos Pessoais\galeria-tormenta-react\api" --scriptoptions= --log "Tormenta wrapper" --grow 0.25 --wait 1 --maxrestarts 3 --abortonerror n --stopparentfirst undefined
2024-06-26 08:23:04 - Started 23764
2024-06-26 08:23:47 - Starting C:\Program Files\nodejs\node.exe  --harmony "D:\Projetos Pessoais\galeria-tormenta-react\node_modules\node-windows\lib\wrapper.js" --file "D:\Projetos Pessoais\galeria-tormenta-react\api" --scriptoptions= --log "Tormenta wrapper" --grow 0.25 --wait 1 --maxrestarts 3 --abortonerror n --stopparentfirst undefined
2024-06-26 08:23:47 - Started 13844
2024-06-26 16:24:28 - Stopping tormenta.exe
2024-06-26 16:24:28 - ProcessKill 13844
2024-06-26 16:24:29 - Found child process: 17808 Name: conhost.exe
2024-06-26 16:24:29 - Found child process: 5936 Name: node.exe
2024-06-26 16:24:29 - Stopping process 17808
2024-06-26 16:24:29 - Send SIGINT 17808
2024-06-26 16:24:29 - SIGINT to 17808 failed - Killing as fallback
2024-06-26 16:24:29 - Stopping process 5936
2024-06-26 16:24:29 - Send SIGINT 5936
2024-06-26 16:24:29 - SIGINT to 5936 failed - Killing as fallback
2024-06-26 16:24:29 - Stopping process 13844
2024-06-26 16:24:29 - Send SIGINT 13844
2024-06-26 16:24:29 - SIGINT to 13844 failed - Killing as fallback
2024-06-26 16:24:29 - Finished tormenta.exe
2024-06-26 16:24:30 - Starting C:\Program Files\nodejs\node.exe  --harmony "D:\Projetos Pessoais\galeria-tormenta-react\node_modules\node-windows\lib\wrapper.js" --file "D:\Projetos Pessoais\galeria-tormenta-react\api" --scriptoptions= --log "Tormenta wrapper" --grow 0.25 --wait 1 --maxrestarts 3 --abortonerror n --stopparentfirst undefined
2024-06-26 16:24:30 - Started 4980
2024-06-28 17:28:05 - Stopping tormenta.exe
2024-06-28 17:28:05 - ProcessKill 4980
2024-06-28 17:28:05 - Found child process: 8440 Name: conhost.exe
2024-06-28 17:28:05 - Found child process: 10436 Name: node.exe
2024-06-28 17:28:05 - Stopping process 8440
2024-06-28 17:28:05 - Send SIGINT 8440
2024-06-28 17:28:05 - SIGINT to 8440 failed - Killing as fallback
2024-06-28 17:28:05 - Stopping process 10436
2024-06-28 17:28:05 - Send SIGINT 10436
2024-06-28 17:28:05 - SIGINT to 10436 failed - Killing as fallback
2024-06-28 17:28:05 - Stopping process 4980
2024-06-28 17:28:05 - Send SIGINT 4980
2024-06-28 17:28:05 - SIGINT to 4980 failed - Killing as fallback
2024-06-28 17:28:05 - Finished tormenta.exe
2024-06-28 17:28:07 - Starting C:\Program Files\nodejs\node.exe  --harmony "D:\Projetos Pessoais\galeria-tormenta-react\node_modules\node-windows\lib\wrapper.js" --file "D:\Projetos Pessoais\galeria-tormenta-react\api" --scriptoptions= --log "Tormenta wrapper" --grow 0.25 --wait 1 --maxrestarts 3 --abortonerror n --stopparentfirst undefined
2024-06-28 17:28:07 - Started 22564
2024-06-28 17:36:30 - Stopping tormenta.exe
2024-06-28 17:36:30 - ProcessKill 22564
2024-06-28 17:36:30 - Found child process: 24448 Name: conhost.exe
2024-06-28 17:36:30 - Found child process: 13236 Name: node.exe
2024-06-28 17:36:30 - Stopping process 24448
2024-06-28 17:36:30 - Send SIGINT 24448
2024-06-28 17:36:30 - SIGINT to 24448 failed - Killing as fallback
2024-06-28 17:36:30 - Stopping process 13236
2024-06-28 17:36:30 - Send SIGINT 13236
2024-06-28 17:36:30 - SIGINT to 13236 failed - Killing as fallback
2024-06-28 17:36:30 - Stopping process 22564
2024-06-28 17:36:30 - Send SIGINT 22564
2024-06-28 17:36:30 - SIGINT to 22564 failed - Killing as fallback
2024-06-28 17:36:30 - Finished tormenta.exe
2024-06-28 17:36:31 - Starting C:\Program Files\nodejs\node.exe  --harmony "D:\Projetos Pessoais\galeria-tormenta-react\node_modules\node-windows\lib\wrapper.js" --file "D:\Projetos Pessoais\galeria-tormenta-react\api" --scriptoptions= --log "Tormenta wrapper" --grow 0.25 --wait 1 --maxrestarts 3 --abortonerror n --stopparentfirst undefined
2024-06-28 17:36:31 - Started 23676
2024-06-28 17:48:10 - Stopping tormenta.exe
2024-06-28 17:48:10 - ProcessKill 23676
2024-06-28 17:48:10 - Found child process: 15224 Name: conhost.exe
2024-06-28 17:48:10 - Found child process: 20864 Name: node.exe
2024-06-28 17:48:10 - Stopping process 15224
2024-06-28 17:48:11 - Send SIGINT 15224
2024-06-28 17:48:11 - SIGINT to 15224 failed - Killing as fallback
2024-06-28 17:48:11 - Stopping process 20864
2024-06-28 17:48:11 - Send SIGINT 20864
2024-06-28 17:48:11 - SIGINT to 20864 failed - Killing as fallback
2024-06-28 17:48:11 - Stopping process 23676
2024-06-28 17:48:11 - Send SIGINT 23676
2024-06-28 17:48:11 - SIGINT to 23676 failed - Killing as fallback
2024-06-28 17:48:11 - Finished tormenta.exe
2024-06-28 17:48:11 - Starting C:\Program Files\nodejs\node.exe  --harmony "D:\Projetos Pessoais\galeria-tormenta-react\node_modules\node-windows\lib\wrapper.js" --file "D:\Projetos Pessoais\galeria-tormenta-react\api" --scriptoptions= --log "Tormenta wrapper" --grow 0.25 --wait 1 --maxrestarts 3 --abortonerror n --stopparentfirst undefined
2024-06-28 17:48:11 - Started 27604
2024-06-29 16:58:20 - Stopping tormenta.exe
2024-06-29 16:58:20 - ProcessKill 27604
2024-06-29 16:58:20 - Found child process: 11852 Name: conhost.exe
2024-06-29 16:58:20 - Found child process: 25176 Name: node.exe
2024-06-29 16:58:21 - Stopping process 11852
2024-06-29 16:58:21 - Send SIGINT 11852
2024-06-29 16:58:21 - SIGINT to 11852 failed - Killing as fallback
2024-06-29 16:58:21 - Stopping process 25176
2024-06-29 16:58:21 - Send SIGINT 25176
2024-06-29 16:58:21 - SIGINT to 25176 failed - Killing as fallback
2024-06-29 16:58:21 - Stopping process 27604
2024-06-29 16:58:21 - Send SIGINT 27604
2024-06-29 16:58:21 - SIGINT to 27604 failed - Killing as fallback
2024-06-29 16:58:21 - Finished tormenta.exe
2024-06-29 16:58:21 - Starting C:\Program Files\nodejs\node.exe  --harmony "D:\Projetos Pessoais\galeria-tormenta-react\node_modules\node-windows\lib\wrapper.js" --file "D:\Projetos Pessoais\galeria-tormenta-react\api" --scriptoptions= --log "Tormenta wrapper" --grow 0.25 --wait 1 --maxrestarts 3 --abortonerror n --stopparentfirst undefined
2024-06-29 16:58:21 - Started 18664
2024-06-29 17:05:53 - Stopping tormenta.exe
2024-06-29 17:05:53 - ProcessKill 18664
2024-06-29 17:05:53 - Found child process: 2700 Name: conhost.exe
2024-06-29 17:05:53 - Found child process: 13496 Name: node.exe
2024-06-29 17:05:53 - Stopping process 2700
2024-06-29 17:05:53 - Send SIGINT 2700
2024-06-29 17:05:53 - SIGINT to 2700 failed - Killing as fallback
2024-06-29 17:05:54 - Stopping process 13496
2024-06-29 17:05:54 - Send SIGINT 13496
2024-06-29 17:05:54 - SIGINT to 13496 failed - Killing as fallback
2024-06-29 17:05:54 - Stopping process 18664
2024-06-29 17:05:54 - Send SIGINT 18664
2024-06-29 17:05:54 - SIGINT to 18664 failed - Killing as fallback
2024-06-29 17:05:54 - Finished tormenta.exe
2024-06-29 17:05:54 - Starting C:\Program Files\nodejs\node.exe  --harmony "D:\Projetos Pessoais\galeria-tormenta-react\node_modules\node-windows\lib\wrapper.js" --file "D:\Projetos Pessoais\galeria-tormenta-react\api" --scriptoptions= --log "Tormenta wrapper" --grow 0.25 --wait 1 --maxrestarts 3 --abortonerror n --stopparentfirst undefined
2024-06-29 17:05:54 - Started 27620
2024-06-29 17:54:56 - Stopping tormenta.exe
2024-06-29 17:54:56 - ProcessKill 27620
2024-06-29 17:54:57 - Found child process: 5408 Name: conhost.exe
2024-06-29 17:54:57 - Found child process: 13948 Name: node.exe
2024-06-29 17:54:57 - Stopping process 5408
2024-06-29 17:54:57 - Send SIGINT 5408
2024-06-29 17:54:57 - SIGINT to 5408 failed - Killing as fallback
2024-06-29 17:54:57 - Stopping process 13948
2024-06-29 17:54:57 - Send SIGINT 13948
2024-06-29 17:54:57 - SIGINT to 13948 failed - Killing as fallback
2024-06-29 17:54:57 - Stopping process 27620
2024-06-29 17:54:57 - Send SIGINT 27620
2024-06-29 17:54:57 - SIGINT to 27620 failed - Killing as fallback
2024-06-29 17:54:57 - Finished tormenta.exe
2024-06-29 17:54:58 - Starting C:\Program Files\nodejs\node.exe  --harmony "D:\Projetos Pessoais\galeria-tormenta-react\node_modules\node-windows\lib\wrapper.js" --file "D:\Projetos Pessoais\galeria-tormenta-react\api" --scriptoptions= --log "Tormenta wrapper" --grow 0.25 --wait 1 --maxrestarts 3 --abortonerror n --stopparentfirst undefined
2024-06-29 17:54:58 - Started 2284
2024-07-01 08:32:38 - Stopping tormenta.exe
2024-07-01 08:32:38 - ProcessKill 2284
2024-07-01 08:32:38 - Found child process: 16212 Name: conhost.exe
2024-07-01 08:32:38 - Found child process: 22836 Name: node.exe
2024-07-01 08:32:38 - Stopping process 16212
2024-07-01 08:32:38 - Send SIGINT 16212
2024-07-01 08:32:38 - SIGINT to 16212 failed - Killing as fallback
2024-07-01 08:32:38 - Stopping process 22836
2024-07-01 08:32:38 - Send SIGINT 22836
2024-07-01 08:32:38 - SIGINT to 22836 failed - Killing as fallback
2024-07-01 08:32:38 - Stopping process 2284
2024-07-01 08:32:38 - Send SIGINT 2284
2024-07-01 08:32:38 - SIGINT to 2284 failed - Killing as fallback
2024-07-01 08:32:38 - Finished tormenta.exe
2024-07-01 08:32:39 - Starting C:\Program Files\nodejs\node.exe  --harmony "D:\Projetos Pessoais\galeria-tormenta-react\node_modules\node-windows\lib\wrapper.js" --file "D:\Projetos Pessoais\galeria-tormenta-react\api" --scriptoptions= --log "Tormenta wrapper" --grow 0.25 --wait 1 --maxrestarts 3 --abortonerror n --stopparentfirst undefined
2024-07-01 08:32:39 - Started 4000
2024-07-01 08:33:43 - Stopping tormenta.exe
2024-07-01 08:33:43 - ProcessKill 4000
2024-07-01 08:33:44 - Found child process: 18468 Name: conhost.exe
2024-07-01 08:33:44 - Found child process: 26196 Name: node.exe
2024-07-01 08:33:44 - Stopping process 18468
2024-07-01 08:33:44 - Send SIGINT 18468
2024-07-01 08:33:44 - SIGINT to 18468 failed - Killing as fallback
2024-07-01 08:33:44 - Stopping process 26196
2024-07-01 08:33:44 - Send SIGINT 26196
2024-07-01 08:33:44 - SIGINT to 26196 failed - Killing as fallback
2024-07-01 08:33:44 - Stopping process 4000
2024-07-01 08:33:44 - Send SIGINT 4000
2024-07-01 08:33:44 - SIGINT to 4000 failed - Killing as fallback
2024-07-01 08:33:44 - Finished tormenta.exe
2024-07-01 08:33:45 - Starting C:\Program Files\nodejs\node.exe  --harmony "D:\Projetos Pessoais\galeria-tormenta-react\node_modules\node-windows\lib\wrapper.js" --file "D:\Projetos Pessoais\galeria-tormenta-react\api" --scriptoptions= --log "Tormenta wrapper" --grow 0.25 --wait 1 --maxrestarts 3 --abortonerror n --stopparentfirst undefined
2024-07-01 08:33:45 - Started 1440
2024-07-01 08:35:44 - Stopping tormenta.exe
2024-07-01 08:35:44 - ProcessKill 1440
2024-07-01 08:35:44 - Found child process: 13080 Name: conhost.exe
2024-07-01 08:35:44 - Found child process: 3648 Name: node.exe
2024-07-01 08:35:44 - Stopping process 13080
2024-07-01 08:35:44 - Send SIGINT 13080
2024-07-01 08:35:45 - SIGINT to 13080 failed - Killing as fallback
2024-07-01 08:35:45 - Stopping process 3648
2024-07-01 08:35:45 - Send SIGINT 3648
2024-07-01 08:35:45 - SIGINT to 3648 failed - Killing as fallback
2024-07-01 08:35:45 - Stopping process 1440
2024-07-01 08:35:45 - Send SIGINT 1440
2024-07-01 08:35:45 - SIGINT to 1440 failed - Killing as fallback
2024-07-01 08:35:45 - Finished tormenta.exe
2024-07-01 08:35:45 - Starting C:\Program Files\nodejs\node.exe  --harmony "D:\Projetos Pessoais\galeria-tormenta-react\node_modules\node-windows\lib\wrapper.js" --file "D:\Projetos Pessoais\galeria-tormenta-react\api" --scriptoptions= --log "Tormenta wrapper" --grow 0.25 --wait 1 --maxrestarts 3 --abortonerror n --stopparentfirst undefined
2024-07-01 08:35:45 - Started 27336
2024-07-01 08:39:29 - Stopping tormenta.exe
2024-07-01 08:39:29 - ProcessKill 27336
2024-07-01 08:39:29 - Found child process: 21180 Name: conhost.exe
2024-07-01 08:39:29 - Found child process: 21736 Name: node.exe
2024-07-01 08:39:30 - Stopping process 21180
2024-07-01 08:39:30 - Send SIGINT 21180
2024-07-01 08:39:30 - SIGINT to 21180 failed - Killing as fallback
2024-07-01 08:39:30 - Stopping process 21736
2024-07-01 08:39:30 - Send SIGINT 21736
2024-07-01 08:39:30 - SIGINT to 21736 failed - Killing as fallback
2024-07-01 08:39:30 - Stopping process 27336
2024-07-01 08:39:30 - Send SIGINT 27336
2024-07-01 08:39:30 - SIGINT to 27336 failed - Killing as fallback
2024-07-01 08:39:30 - Finished tormenta.exe
2024-07-01 08:39:31 - Starting C:\Program Files\nodejs\node.exe  --harmony "D:\Projetos Pessoais\galeria-tormenta-react\node_modules\node-windows\lib\wrapper.js" --file "D:\Projetos Pessoais\galeria-tormenta-react\api" --scriptoptions= --log "Tormenta wrapper" --grow 0.25 --wait 1 --maxrestarts 3 --abortonerror n --stopparentfirst undefined
2024-07-01 08:39:31 - Started 19040
2024-07-01 08:40:51 - Stopping tormenta.exe
2024-07-01 08:40:51 - ProcessKill 19040
2024-07-01 08:40:51 - Found child process: 12844 Name: conhost.exe
2024-07-01 08:40:51 - Found child process: 14436 Name: node.exe
2024-07-01 08:40:51 - Stopping process 12844
2024-07-01 08:40:51 - Send SIGINT 12844
2024-07-01 08:40:51 - SIGINT to 12844 failed - Killing as fallback
2024-07-01 08:40:51 - Stopping process 14436
2024-07-01 08:40:51 - Send SIGINT 14436
2024-07-01 08:40:51 - SIGINT to 14436 failed - Killing as fallback
2024-07-01 08:40:51 - Stopping process 19040
2024-07-01 08:40:51 - Send SIGINT 19040
2024-07-01 08:40:51 - SIGINT to 19040 failed - Killing as fallback
2024-07-01 08:40:51 - Finished tormenta.exe
2024-07-01 08:40:52 - Starting C:\Program Files\nodejs\node.exe  --harmony "D:\Projetos Pessoais\galeria-tormenta-react\node_modules\node-windows\lib\wrapper.js" --file "D:\Projetos Pessoais\galeria-tormenta-react\api" --scriptoptions= --log "Tormenta wrapper" --grow 0.25 --wait 1 --maxrestarts 3 --abortonerror n --stopparentfirst undefined
2024-07-01 08:40:52 - Started 23148
2024-07-01 08:41:40 - Stopping tormenta.exe
2024-07-01 08:41:40 - ProcessKill 23148
2024-07-01 08:41:40 - Found child process: 26712 Name: conhost.exe
2024-07-01 08:41:40 - Found child process: 11008 Name: node.exe
2024-07-01 08:41:40 - Stopping process 26712
2024-07-01 08:41:40 - Send SIGINT 26712
2024-07-01 08:41:40 - SIGINT to 26712 failed - Killing as fallback
2024-07-01 08:41:40 - Stopping process 11008
2024-07-01 08:41:41 - Send SIGINT 11008
2024-07-01 08:41:41 - SIGINT to 11008 failed - Killing as fallback
2024-07-01 08:41:41 - Stopping process 23148
2024-07-01 08:41:41 - Send SIGINT 23148
2024-07-01 08:41:41 - SIGINT to 23148 failed - Killing as fallback
2024-07-01 08:41:41 - Finished tormenta.exe
2024-07-01 08:41:41 - Starting C:\Program Files\nodejs\node.exe  --harmony "D:\Projetos Pessoais\galeria-tormenta-react\node_modules\node-windows\lib\wrapper.js" --file "D:\Projetos Pessoais\galeria-tormenta-react\api" --scriptoptions= --log "Tormenta wrapper" --grow 0.25 --wait 1 --maxrestarts 3 --abortonerror n --stopparentfirst undefined
2024-07-01 08:41:41 - Started 25784
2024-07-01 08:42:28 - Starting C:\Program Files\nodejs\node.exe  --harmony "D:\Projetos Pessoais\galeria-tormenta-react\node_modules\node-windows\lib\wrapper.js" --file "D:\Projetos Pessoais\galeria-tormenta-react\api" --scriptoptions= --log "Tormenta wrapper" --grow 0.25 --wait 1 --maxrestarts 3 --abortonerror n --stopparentfirst undefined
2024-07-01 08:42:28 - Started 9848
2024-07-01 08:43:02 - Stopping tormenta.exe
2024-07-01 08:43:02 - ProcessKill 9848
2024-07-01 08:43:03 - Found child process: 3424 Name: conhost.exe
2024-07-01 08:43:03 - Found child process: 19748 Name: node.exe
2024-07-01 08:43:03 - Stopping process 3424
2024-07-01 08:43:03 - Send SIGINT 3424
2024-07-01 08:43:03 - SIGINT to 3424 failed - Killing as fallback
2024-07-01 08:43:03 - Stopping process 19748
2024-07-01 08:43:03 - Send SIGINT 19748
2024-07-01 08:43:03 - SIGINT to 19748 failed - Killing as fallback
2024-07-01 08:43:03 - Stopping process 9848
2024-07-01 08:43:03 - Send SIGINT 9848
2024-07-01 08:43:03 - SIGINT to 9848 failed - Killing as fallback
2024-07-01 08:43:03 - Finished tormenta.exe
2024-07-01 08:43:04 - Starting C:\Program Files\nodejs\node.exe  --harmony "D:\Projetos Pessoais\galeria-tormenta-react\node_modules\node-windows\lib\wrapper.js" --file "D:\Projetos Pessoais\galeria-tormenta-react\api" --scriptoptions= --log "Tormenta wrapper" --grow 0.25 --wait 1 --maxrestarts 3 --abortonerror n --stopparentfirst undefined
2024-07-01 08:43:04 - Started 9852
2024-07-01 08:48:06 - Stopping tormenta.exe
2024-07-01 08:48:06 - ProcessKill 9852
2024-07-01 08:48:06 - Found child process: 23792 Name: conhost.exe
2024-07-01 08:48:06 - Found child process: 21136 Name: node.exe
2024-07-01 08:48:07 - Stopping process 23792
2024-07-01 08:48:07 - Send SIGINT 23792
2024-07-01 08:48:07 - SIGINT to 23792 failed - Killing as fallback
2024-07-01 08:48:07 - Stopping process 21136
2024-07-01 08:48:07 - Send SIGINT 21136
2024-07-01 08:48:07 - SIGINT to 21136 failed - Killing as fallback
2024-07-01 08:48:07 - Stopping process 9852
2024-07-01 08:48:07 - Send SIGINT 9852
2024-07-01 08:48:07 - SIGINT to 9852 failed - Killing as fallback
2024-07-01 08:48:07 - Finished tormenta.exe
2024-07-01 08:48:08 - Starting C:\Program Files\nodejs\node.exe  --harmony "D:\Projetos Pessoais\galeria-tormenta-react\node_modules\node-windows\lib\wrapper.js" --file "D:\Projetos Pessoais\galeria-tormenta-react\api" --scriptoptions= --log "Tormenta wrapper" --grow 0.25 --wait 1 --maxrestarts 3 --abortonerror n --stopparentfirst undefined
2024-07-01 08:48:08 - Started 27584
2024-07-01 08:59:52 - Stopping tormenta.exe
2024-07-01 08:59:52 - ProcessKill 27584
2024-07-01 08:59:52 - Found child process: 10064 Name: conhost.exe
2024-07-01 08:59:52 - Found child process: 17872 Name: node.exe
2024-07-01 08:59:52 - Stopping process 10064
2024-07-01 08:59:52 - Send SIGINT 10064
2024-07-01 08:59:52 - SIGINT to 10064 failed - Killing as fallback
2024-07-01 08:59:52 - Stopping process 17872
2024-07-01 08:59:52 - Send SIGINT 17872
2024-07-01 08:59:52 - SIGINT to 17872 failed - Killing as fallback
2024-07-01 08:59:52 - Stopping process 27584
2024-07-01 08:59:52 - Send SIGINT 27584
2024-07-01 08:59:52 - SIGINT to 27584 failed - Killing as fallback
2024-07-01 08:59:52 - Finished tormenta.exe
2024-07-01 08:59:53 - Starting C:\Program Files\nodejs\node.exe  --harmony "D:\Projetos Pessoais\galeria-tormenta-react\node_modules\node-windows\lib\wrapper.js" --file "D:\Projetos Pessoais\galeria-tormenta-react\api" --scriptoptions= --log "Tormenta wrapper" --grow 0.25 --wait 1 --maxrestarts 3 --abortonerror n --stopparentfirst undefined
2024-07-01 08:59:53 - Started 22604
